2018-07-14 08:34:46 INFO  OriginationTest:114 - log4j properties filepath: D:\Amarnath\TestNG\Artifacts\Settings\log4j.properties
2018-07-14 08:34:52 INFO  DriverManager:63 - Chrome has been opned for testing
2018-07-14 08:34:52 INFO  OriginationTest:86 - main : ChromeDriver: chrome on XP (9f7b130ae4b709c8c6f1a0a110575799)
2018-07-14 08:34:52 INFO  OriginationTest:91 - Level1 :ChromeDriver: chrome on XP (9f7b130ae4b709c8c6f1a0a110575799)
2018-07-14 08:34:52 INFO  GoogleModuleSteps:26 - Level2 :ChromeDriver: chrome on XP (9f7b130ae4b709c8c6f1a0a110575799)
2018-07-14 08:35:16 INFO  fluentWait:62 - Target element found
2018-07-14 08:35:16 INFO  GoogleSearch:19 - Is On Home Page
2018-07-14 08:35:16 INFO  GoogleModuleSteps:39 - Level2 :ChromeDriver: chrome on XP (9f7b130ae4b709c8c6f1a0a110575799)
2018-07-14 08:35:16 INFO  fluentWait:62 - Target element found
2018-07-14 08:35:16 ERROR PageObject:70 - Exception in Entering Data : India in element :[[ChromeDriver: chrome on XP (9f7b130ae4b709c8c6f1a0a110575799)] -> xpath: //input[@title='Search']]org.openqa.selenium.WebDriverException: unknown error: call function result missing 'value'
  (Session info: chrome=67.0.3396.99)
  (Driver info: chromedriver=2.33.506120 (e3e53437346286c0bc2d2dc9aa4915ba81d9023f),platform=Windows NT 10.0.15063 x86_64) (WARNING: The server did not provide any stacktrace information)
Command duration or timeout: 15 milliseconds
Build info: version: '3.4.0', revision: 'unknown', time: 'unknown'
System info: host: 'NAMARNAT-IN', ip: '10.0.75.1', os.name: 'Windows 10', os.arch: 'amd64', os.version: '10.0', java.version: '1.8.0_151'
Driver info: org.openqa.selenium.chrome.ChromeDriver
Capabilities [{applicationCacheEnabled=false, rotatable=false, mobileEmulationEnabled=false, networkConnectionEnabled=false, chrome={chromedriverVersion=2.33.506120 (e3e53437346286c0bc2d2dc9aa4915ba81d9023f), userDataDir=C:\Users\namarnat\AppData\Local\Temp\scoped_dir14796_12532}, takesHeapSnapshot=true, pageLoadStrategy=normal, databaseEnabled=false, handlesAlerts=true, hasTouchScreen=false, version=67.0.3396.99, platform=XP, browserConnectionEnabled=false, nativeEvents=true, acceptSslCerts=true, locationContextEnabled=true, webStorageEnabled=true, browserName=chrome, takesScreenshot=true, javascriptEnabled=true, cssSelectorsEnabled=true, setWindowRect=true, unexpectedAlertBehaviour=}]
Session ID: 9f7b130ae4b709c8c6f1a0a110575799
2018-07-14 08:35:16 INFO  fluentWait:62 - Target element found
2018-07-14 08:35:16 INFO  PageObject:93 - Clicked on the element [[ChromeDriver: chrome on XP (9f7b130ae4b709c8c6f1a0a110575799)] -> xpath: //input[@aria-label='Google Search']]
2018-07-14 08:35:49 INFO  DriverManager:63 - Chrome has been opned for testing
2018-07-14 08:35:49 INFO  OriginationTest:86 - main : ChromeDriver: chrome on XP (adfe5c1af6db26c06107bb94deb396d2)
2018-07-14 08:35:49 INFO  OriginationTest:91 - Level1 :ChromeDriver: chrome on XP (adfe5c1af6db26c06107bb94deb396d2)
2018-07-14 08:35:49 INFO  GoogleModuleSteps:26 - Level2 :ChromeDriver: chrome on XP (adfe5c1af6db26c06107bb94deb396d2)
2018-07-14 08:35:57 ERROR ElementLocator:87 -  Exception in finding Element with Xpath : //input[@aria-label='Google Search'] org.openqa.selenium.WebDriverException: chrome not reachable
  (Session info: chrome=67.0.3396.99)
  (Driver info: chromedriver=2.33.506120 (e3e53437346286c0bc2d2dc9aa4915ba81d9023f),platform=Windows NT 10.0.15063 x86_64) (WARNING: The server did not provide any stacktrace information)
Command duration or timeout: 4.12 seconds
Build info: version: '3.4.0', revision: 'unknown', time: 'unknown'
System info: host: 'NAMARNAT-IN', ip: '10.0.75.1', os.name: 'Windows 10', os.arch: 'amd64', os.version: '10.0', java.version: '1.8.0_151'
Driver info: org.openqa.selenium.chrome.ChromeDriver
Capabilities [{applicationCacheEnabled=false, rotatable=false, mobileEmulationEnabled=false, networkConnectionEnabled=false, chrome={chromedriverVersion=2.33.506120 (e3e53437346286c0bc2d2dc9aa4915ba81d9023f), userDataDir=C:\Users\namarnat\AppData\Local\Temp\scoped_dir11628_8298}, takesHeapSnapshot=true, pageLoadStrategy=normal, databaseEnabled=false, handlesAlerts=true, hasTouchScreen=false, version=67.0.3396.99, platform=XP, browserConnectionEnabled=false, nativeEvents=true, acceptSslCerts=true, locationContextEnabled=true, webStorageEnabled=true, browserName=chrome, takesScreenshot=true, javascriptEnabled=true, cssSelectorsEnabled=true, setWindowRect=true, unexpectedAlertBehaviour=}]
Session ID: adfe5c1af6db26c06107bb94deb396d2
2018-07-14 08:35:57 INFO  GoogleSearch:19 - Is On Home Page
2018-07-14 08:35:57 INFO  GoogleModuleSteps:39 - Level2 :ChromeDriver: chrome on XP (adfe5c1af6db26c06107bb94deb396d2)
2018-07-14 08:35:58 ERROR ElementLocator:87 -  Exception in finding Element with Xpath : //input[@title='Search'] org.openqa.selenium.WebDriverException: java.net.SocketException: Connection reset
Build info: version: '3.4.0', revision: 'unknown', time: 'unknown'
System info: host: 'NAMARNAT-IN', ip: '10.0.75.1', os.name: 'Windows 10', os.arch: 'amd64', os.version: '10.0', java.version: '1.8.0_151'
Driver info: driver.version: RemoteWebDriver
2018-07-14 08:36:00 ERROR ElementLocator:87 -  Exception in finding Element with Xpath : //input[@aria-label='Google Search'] org.openqa.selenium.WebDriverException: org.apache.http.conn.HttpHostConnectException: Connect to localhost:46571 [localhost/127.0.0.1, localhost/0:0:0:0:0:0:0:1] failed: Connection refused: connect
Build info: version: '3.4.0', revision: 'unknown', time: 'unknown'
System info: host: 'NAMARNAT-IN', ip: '10.0.75.1', os.name: 'Windows 10', os.arch: 'amd64', os.version: '10.0', java.version: '1.8.0_151'
Driver info: driver.version: RemoteWebDriver
