2018-05-05 18:59:59 INFO  GenericUtilities:66 - log4j properties filepath: D:\eclipse-workspace\SerenityCuCu\Artifacts\Settings\log4j.properties
2018-05-05 18:59:59 INFO  ExecutionSettings:275 - WARNING: ABORTEXECUTIONIFCHECKPOINTFAILS is turned OFF in TestSuiteExecutionSettings. Hence setting continueTestcaseRun to true. Turn this ON to save on the execution time
2018-05-05 18:59:59 INFO  ExecutionSettings:275 - WARNING: ABORTEXECUTIONIFCHECKPOINTFAILS is turned OFF in TestSuiteExecutionSettings. Hence setting continueTestcaseRun to true. Turn this ON to save on the execution time
2018-05-05 19:00:02 INFO  ExcelUtilities:149 - Total Number Of sheets in WorkBook 3
2018-05-05 19:00:02 INFO  ExcelUtilities:40 - {TestCaseDetails={0=EXECUTE, 1=UNIQUETESTCASEID}, ApplicationForm={0=APPLICATIONTYPE, 1=FIRSTPRODUCTTYPE_IFNOTREQUIREDGIVENA, 2=FITSTPRODUCTOFFERTYPE, 3=SECONDPRODUCTTYPE_IFNOTREQUIREDGIVENA, 4=SECONDPRODUCTOFFERTYPE}, FirstProduct_PartyDetails={0=FIRSTPRODUCT_FIRSTAPPLICANT_PARTYTYPE, 1=FIRSTPRODUCT_FIRSTAPPLICANT_PARTYID, 2=FIRSTPRODUCT_FIRSTAPPLICANT_FIRSTNAME, 3=FIRSTPRODUCT_FIRSTAPPLICANT_LASTNAME, 4=FIRSTPRODUCT_SECONDAPPLICANT_PARTYTYPE, 5=FIRSTPRODUCT_SECONDAPPLICANT_PARTYID, 6=FIRSTPRODUCT_SECONDAPPLICANT_FIRSTNAME, 7=FIRSTPRODUCT_SECONDAPPLICANT_LASTNAME}}
2018-05-05 19:00:02 INFO  ExcelUtilities:87 - YES
2018-05-05 19:00:02 INFO  ExcelUtilities:87 - TC01
2018-05-05 19:00:02 INFO  ExcelUtilities:87 - Application
2018-05-05 19:00:02 INFO  ExcelUtilities:87 - Lending
2018-05-05 19:00:02 INFO  ExcelUtilities:87 - Westpac Home Loan
2018-05-05 19:00:02 INFO  ExcelUtilities:87 - NA
2018-05-05 19:00:02 INFO  ExcelUtilities:87 - NA
2018-05-05 19:00:02 INFO  ExcelUtilities:87 - Individual
2018-05-05 19:00:02 INFO  ExcelUtilities:87 - NA
2018-05-05 19:00:02 INFO  ExcelUtilities:87 - JOHN
2018-05-05 19:00:02 INFO  ExcelUtilities:87 - WICK
2018-05-05 19:00:02 INFO  ExcelUtilities:87 - Individual
2018-05-05 19:00:02 INFO  ExcelUtilities:87 - 
2018-05-05 19:00:02 INFO  ExcelUtilities:87 - SALMAN
2018-05-05 19:00:02 INFO  ExcelUtilities:87 - KHAN
2018-05-05 19:00:02 INFO  ExcelUtilities:87 - YES
2018-05-05 19:00:02 INFO  ExcelUtilities:87 - TC02
2018-05-05 19:00:02 INFO  ExcelUtilities:87 - Application
2018-05-05 19:00:02 INFO  ExcelUtilities:87 - Lending
2018-05-05 19:00:02 INFO  ExcelUtilities:87 - Westpac Home Loan
2018-05-05 19:00:02 INFO  ExcelUtilities:87 - Deposit
2018-05-05 19:00:02 INFO  ExcelUtilities:87 - Westpac Transaction
2018-05-05 19:00:02 INFO  ExcelUtilities:87 - Individual
2018-05-05 19:00:02 INFO  ExcelUtilities:87 - NA
2018-05-05 19:00:02 INFO  ExcelUtilities:87 - JOHN
2018-05-05 19:00:02 INFO  ExcelUtilities:87 - WICK
2018-05-05 19:00:02 INFO  ExcelUtilities:87 - Individual
2018-05-05 19:00:02 INFO  ExcelUtilities:87 - 
2018-05-05 19:00:02 INFO  ExcelUtilities:87 - SALMAN
2018-05-05 19:00:02 INFO  ExcelUtilities:87 - KHAN
2018-05-05 19:00:02 INFO  GenericSteps:30 - The test Data Used is : {EXECUTE=YES, UNIQUETESTCASEID=TC01, APPLICATIONTYPE=Application, FIRSTPRODUCTTYPE_IFNOTREQUIREDGIVENA=Lending, FITSTPRODUCTOFFERTYPE=Westpac Home Loan, SECONDPRODUCTTYPE_IFNOTREQUIREDGIVENA=NA, SECONDPRODUCTOFFERTYPE=NA, FIRSTPRODUCT_FIRSTAPPLICANT_PARTYTYPE=Individual, FIRSTPRODUCT_FIRSTAPPLICANT_PARTYID=NA, FIRSTPRODUCT_FIRSTAPPLICANT_FIRSTNAME=JOHN, FIRSTPRODUCT_FIRSTAPPLICANT_LASTNAME=WICK, FIRSTPRODUCT_SECONDAPPLICANT_PARTYTYPE=Individual, FIRSTPRODUCT_SECONDAPPLICANT_PARTYID=, FIRSTPRODUCT_SECONDAPPLICANT_FIRSTNAME=SALMAN, FIRSTPRODUCT_SECONDAPPLICANT_LASTNAME=KHAN}
2018-05-05 19:00:10 INFO  WebUIElement:27 - Data : testuser3 has been sent to Element
2018-05-05 19:00:10 INFO  WebUIElement:29 - Data : testuser3 has been sent to Element
2018-05-05 19:00:10 INFO  ElementLocator:35 - xpath  :  //input[@placeholder='Username']
2018-05-05 19:00:11 INFO  ElementLocator:57 - xpath : //input[@placeholder='Username']   : [[ChromeDriver: chrome on XP (83043c72d0ce767bbcd467faae15bc36)] -> xpath: //input[@placeholder='Username']]
2018-05-05 19:00:11 INFO  WebUIElement:31 - [[ChromeDriver: chrome on XP (83043c72d0ce767bbcd467faae15bc36)] -> xpath: //input[@placeholder='Username']]
2018-05-05 19:00:11 ERROR WebUIElement:36 - Exception in Entering Keys : org.openqa.selenium.WebDriverException: unknown error: call function result missing 'value'
  (Session info: chrome=66.0.3359.139)
  (Driver info: chromedriver=2.33.506120 (e3e53437346286c0bc2d2dc9aa4915ba81d9023f),platform=Windows NT 10.0.15063 x86_64) (WARNING: The server did not provide any stacktrace information)
Command duration or timeout: 0 milliseconds
Build info: version: '3.7.1', revision: '8a0099a', time: '2017-11-06T21:01:39.354Z'
System info: host: 'NAMARNAT-IN', ip: '10.0.75.1', os.name: 'Windows 10', os.arch: 'amd64', os.version: '10.0', java.version: '1.8.0_151'
Driver info: org.openqa.selenium.chrome.ChromeDriver
Capabilities {acceptSslCerts: true, applicationCacheEnabled: false, browserConnectionEnabled: false, browserName: chrome, chrome: {chromedriverVersion: 2.33.506120 (e3e53437346286..., userDataDir: C:\Users\namarnat\AppData\L...}, cssSelectorsEnabled: true, databaseEnabled: false, handlesAlerts: true, hasTouchScreen: false, javascriptEnabled: true, locationContextEnabled: true, mobileEmulationEnabled: false, nativeEvents: true, networkConnectionEnabled: false, pageLoadStrategy: normal, platform: XP, platformName: XP, rotatable: false, setWindowRect: true, takesHeapSnapshot: true, takesScreenshot: true, unexpectedAlertBehaviour: , unhandledPromptBehavior: , version: 66.0.3359.139, webStorageEnabled: true}
Session ID: 83043c72d0ce767bbcd467faae15bc36
2018-05-05 19:00:11 INFO  WebUIElement:27 - Data : welcome1 has been sent to Element
2018-05-05 19:00:11 INFO  WebUIElement:29 - Data : welcome1 has been sent to Element
2018-05-05 19:00:11 INFO  ElementLocator:35 - xpath  :  //input[@placeholder='Password']
2018-05-05 19:00:11 INFO  ElementLocator:57 - xpath : //input[@placeholder='Password']   : [[ChromeDriver: chrome on XP (83043c72d0ce767bbcd467faae15bc36)] -> xpath: //input[@placeholder='Password']]
2018-05-05 19:00:11 INFO  WebUIElement:31 - [[ChromeDriver: chrome on XP (83043c72d0ce767bbcd467faae15bc36)] -> xpath: //input[@placeholder='Password']]
2018-05-05 19:00:11 ERROR WebUIElement:36 - Exception in Entering Keys : org.openqa.selenium.WebDriverException: unknown error: call function result missing 'value'
  (Session info: chrome=66.0.3359.139)
  (Driver info: chromedriver=2.33.506120 (e3e53437346286c0bc2d2dc9aa4915ba81d9023f),platform=Windows NT 10.0.15063 x86_64) (WARNING: The server did not provide any stacktrace information)
Command duration or timeout: 0 milliseconds
Build info: version: '3.7.1', revision: '8a0099a', time: '2017-11-06T21:01:39.354Z'
System info: host: 'NAMARNAT-IN', ip: '10.0.75.1', os.name: 'Windows 10', os.arch: 'amd64', os.version: '10.0', java.version: '1.8.0_151'
Driver info: org.openqa.selenium.chrome.ChromeDriver
Capabilities {acceptSslCerts: true, applicationCacheEnabled: false, browserConnectionEnabled: false, browserName: chrome, chrome: {chromedriverVersion: 2.33.506120 (e3e53437346286..., userDataDir: C:\Users\namarnat\AppData\L...}, cssSelectorsEnabled: true, databaseEnabled: false, handlesAlerts: true, hasTouchScreen: false, javascriptEnabled: true, locationContextEnabled: true, mobileEmulationEnabled: false, nativeEvents: true, networkConnectionEnabled: false, pageLoadStrategy: normal, platform: XP, platformName: XP, rotatable: false, setWindowRect: true, takesHeapSnapshot: true, takesScreenshot: true, unexpectedAlertBehaviour: , unhandledPromptBehavior: , version: 66.0.3359.139, webStorageEnabled: true}
Session ID: 83043c72d0ce767bbcd467faae15bc36
2018-05-05 19:00:11 INFO  ElementLocator:35 - xpath  :  //input[@value='Sign In' or @value='Submit'] | (//button[@id='loginButton'] | //input[@value='Login'])
2018-05-05 19:00:11 INFO  ElementLocator:57 - xpath : //input[@value='Sign In' or @value='Submit'] | (//button[@id='loginButton'] | //input[@value='Login'])   : [[ChromeDriver: chrome on XP (83043c72d0ce767bbcd467faae15bc36)] -> xpath: //input[@value='Sign In' or @value='Submit'] | (//button[@id='loginButton'] | //input[@value='Login'])]
2018-05-05 19:00:11 INFO  ElementLocator:35 - xpath  :  //input[@placeholder='Fast Path']
2018-05-05 19:00:11 INFO  ElementLocator:57 - xpath : //input[@placeholder='Fast Path']   : null
2018-05-05 19:00:11 ERROR WebUIElement:68 - Element with field Definition : RTD_Input_WithPlaceHolder|Fast Path Not Found 
