2018-05-05 17:59:28 INFO  GenericUtilities:66 - log4j properties filepath: D:\eclipse-workspace\SerenityCuCu\Artifacts\Settings\log4j.properties
2018-05-05 17:59:28 INFO  ExecutionSettings:275 - WARNING: ABORTEXECUTIONIFCHECKPOINTFAILS is turned OFF in TestSuiteExecutionSettings. Hence setting continueTestcaseRun to true. Turn this ON to save on the execution time
2018-05-05 17:59:28 INFO  ExecutionSettings:275 - WARNING: ABORTEXECUTIONIFCHECKPOINTFAILS is turned OFF in TestSuiteExecutionSettings. Hence setting continueTestcaseRun to true. Turn this ON to save on the execution time
2018-05-05 17:59:28 INFO  ExcelUtilities:113 - Total Number Of sheets in WorkBook org.apache.poi.POIXMLProperties@7c51782dnull3
2018-05-05 17:59:28 ERROR ExcelUtilities:88 - Error in Reading test Data from row :1In WorkBook : null
2018-05-05 17:59:28 ERROR ExcelUtilities:90 - java.lang.NullPointerException
2018-05-05 17:59:28 ERROR ExcelUtilities:88 - Error in Reading test Data from row :2In WorkBook : null
2018-05-05 17:59:28 ERROR ExcelUtilities:90 - java.lang.NullPointerException
2018-05-05 17:59:35 INFO  ElementLocator:35 - xpath  :  //input[@placeholder='Username']
2018-05-05 17:59:35 INFO  ElementLocator:57 - xpath : //input[@placeholder='Username']   : [[ChromeDriver: chrome on XP (1d2e9117b25b39bd171d665df812f090)] -> xpath: //input[@placeholder='Username']]
2018-05-05 17:59:35 INFO  WebUIElement:30 - [[ChromeDriver: chrome on XP (1d2e9117b25b39bd171d665df812f090)] -> xpath: //input[@placeholder='Username']]
2018-05-05 17:59:35 ERROR WebUIElement:39 - Exception in Entering Keys : org.openqa.selenium.WebDriverException: unknown error: call function result missing 'value'
  (Session info: chrome=66.0.3359.139)
  (Driver info: chromedriver=2.33.506120 (e3e53437346286c0bc2d2dc9aa4915ba81d9023f),platform=Windows NT 10.0.15063 x86_64) (WARNING: The server did not provide any stacktrace information)
Command duration or timeout: 0 milliseconds
Build info: version: '3.7.1', revision: '8a0099a', time: '2017-11-06T21:01:39.354Z'
System info: host: 'NAMARNAT-IN', ip: '10.0.75.1', os.name: 'Windows 10', os.arch: 'amd64', os.version: '10.0', java.version: '1.8.0_151'
Driver info: org.openqa.selenium.chrome.ChromeDriver
Capabilities {acceptSslCerts: true, applicationCacheEnabled: false, browserConnectionEnabled: false, browserName: chrome, chrome: {chromedriverVersion: 2.33.506120 (e3e53437346286..., userDataDir: C:\Users\namarnat\AppData\L...}, cssSelectorsEnabled: true, databaseEnabled: false, handlesAlerts: true, hasTouchScreen: false, javascriptEnabled: true, locationContextEnabled: true, mobileEmulationEnabled: false, nativeEvents: true, networkConnectionEnabled: false, pageLoadStrategy: normal, platform: XP, platformName: XP, rotatable: false, setWindowRect: true, takesHeapSnapshot: true, takesScreenshot: true, unexpectedAlertBehaviour: , unhandledPromptBehavior: , version: 66.0.3359.139, webStorageEnabled: true}
Session ID: 1d2e9117b25b39bd171d665df812f090
2018-05-05 17:59:35 INFO  ElementLocator:35 - xpath  :  //input[@placeholder='Password']
2018-05-05 17:59:35 INFO  ElementLocator:57 - xpath : //input[@placeholder='Password']   : [[ChromeDriver: chrome on XP (1d2e9117b25b39bd171d665df812f090)] -> xpath: //input[@placeholder='Password']]
2018-05-05 17:59:35 INFO  WebUIElement:30 - [[ChromeDriver: chrome on XP (1d2e9117b25b39bd171d665df812f090)] -> xpath: //input[@placeholder='Password']]
2018-05-05 17:59:35 ERROR WebUIElement:39 - Exception in Entering Keys : org.openqa.selenium.WebDriverException: unknown error: call function result missing 'value'
  (Session info: chrome=66.0.3359.139)
  (Driver info: chromedriver=2.33.506120 (e3e53437346286c0bc2d2dc9aa4915ba81d9023f),platform=Windows NT 10.0.15063 x86_64) (WARNING: The server did not provide any stacktrace information)
Command duration or timeout: 0 milliseconds
Build info: version: '3.7.1', revision: '8a0099a', time: '2017-11-06T21:01:39.354Z'
System info: host: 'NAMARNAT-IN', ip: '10.0.75.1', os.name: 'Windows 10', os.arch: 'amd64', os.version: '10.0', java.version: '1.8.0_151'
Driver info: org.openqa.selenium.chrome.ChromeDriver
Capabilities {acceptSslCerts: true, applicationCacheEnabled: false, browserConnectionEnabled: false, browserName: chrome, chrome: {chromedriverVersion: 2.33.506120 (e3e53437346286..., userDataDir: C:\Users\namarnat\AppData\L...}, cssSelectorsEnabled: true, databaseEnabled: false, handlesAlerts: true, hasTouchScreen: false, javascriptEnabled: true, locationContextEnabled: true, mobileEmulationEnabled: false, nativeEvents: true, networkConnectionEnabled: false, pageLoadStrategy: normal, platform: XP, platformName: XP, rotatable: false, setWindowRect: true, takesHeapSnapshot: true, takesScreenshot: true, unexpectedAlertBehaviour: , unhandledPromptBehavior: , version: 66.0.3359.139, webStorageEnabled: true}
Session ID: 1d2e9117b25b39bd171d665df812f090
2018-05-05 17:59:35 INFO  ElementLocator:35 - xpath  :  //input[@value='Sign In' or @value='Submit'] | (//button[@id='loginButton'] | //input[@value='Login'])
2018-05-05 17:59:36 INFO  ElementLocator:57 - xpath : //input[@value='Sign In' or @value='Submit'] | (//button[@id='loginButton'] | //input[@value='Login'])   : [[ChromeDriver: chrome on XP (1d2e9117b25b39bd171d665df812f090)] -> xpath: //input[@value='Sign In' or @value='Submit'] | (//button[@id='loginButton'] | //input[@value='Login'])]
2018-05-05 17:59:36 INFO  ElementLocator:35 - xpath  :  //input[@placeholder='Fast Path']
2018-05-05 17:59:36 INFO  ElementLocator:57 - xpath : //input[@placeholder='Fast Path']   : null
2018-05-05 17:59:36 ERROR WebUIElement:71 - Element with field Definition : RTD_Input_WithPlaceHolder|Fast Path Not Found 
